d:\documents\visual studio 2013\projects\c++project\c++project\debug\vc120.pdb
d:\documents\visual studio 2013\projects\c++project\c++project\debug\vc120.idb
d:\documents\visual studio 2013\projects\c++project\c++project\debug\abstractdemo.obj
d:\documents\visual studio 2013\projects\c++project\c++project\debug\abstractdemo02.obj
d:\documents\visual studio 2013\projects\c++project\c++project\debug\classdemo.obj
d:\documents\visual studio 2013\projects\c++project\c++project\debug\constructdemo.obj
d:\documents\visual studio 2013\projects\c++project\c++project\debug\friendmethod.obj
d:\documents\visual studio 2013\projects\c++project\c++project\debug\fstream.obj
d:\documents\visual studio 2013\projects\c++project\c++project\debug\hello.obj
d:\documents\visual studio 2013\projects\c++project\c++project\debug\inline.obj
d:\documents\visual studio 2013\projects\c++project\c++project\debug\mathdemo.obj
d:\documents\visual studio 2013\projects\c++project\c++project\debug\operator+.obj
d:\documents\visual studio 2013\projects\c++project\c++project\debug\overload.obj
d:\documents\visual studio 2013\projects\c++project\c++project\debug\pointclasspointer.obj
d:\documents\visual studio 2013\projects\c++project\c++project\debug\polymorphism.obj
d:\documents\visual studio 2013\projects\c++project\c++project\debug\staticdemo.obj
d:\documents\visual studio 2013\projects\c++project\c++project\debug\thispointer.obj
d:\documents\visual studio 2013\projects\c++project\c++project\debug\exceptiondemo.obj
d:\documents\visual studio 2013\projects\c++project\c++project\debug\exceptiondemo02.obj
d:\documents\visual studio 2013\projects\c++project\c++project\debug\memorydemo.obj
d:\documents\visual studio 2013\projects\c++project\c++project\debug\memorydemo02.obj
d:\documents\visual studio 2013\projects\c++project\c++project\debug\memorydemo03.obj
d:\documents\visual studio 2013\projects\c++project\c++project\debug\namespacedemo01.obj
d:\documents\visual studio 2013\projects\c++project\c++project\debug\namespacedemo02.obj
d:\documents\visual studio 2013\projects\c++project\c++project\debug\templatedemo.obj
d:\documents\visual studio 2013\projects\c++project\c++project\debug\definedemo.obj
d:\documents\visual studio 2013\projects\c++project\c++project\debug\definedemo02.obj
d:\documents\visual studio 2013\projects\c++project\debug\c++project.ilk
d:\documents\visual studio 2013\projects\c++project\debug\c++project.exe
d:\documents\visual studio 2013\projects\c++project\debug\c++project.pdb
d:\documents\visual studio 2013\projects\c++project\c++project\debug\c++project.tlog\cl.command.1.tlog
d:\documents\visual studio 2013\projects\c++project\c++project\debug\c++project.tlog\cl.read.1.tlog
d:\documents\visual studio 2013\projects\c++project\c++project\debug\c++project.tlog\cl.write.1.tlog
d:\documents\visual studio 2013\projects\c++project\c++project\debug\c++project.tlog\link.command.1.tlog
d:\documents\visual studio 2013\projects\c++project\c++project\debug\c++project.tlog\link.read.1.tlog
d:\documents\visual studio 2013\projects\c++project\c++project\debug\c++project.tlog\link.write.1.tlog
