生成启动时间为 2020/7/11 8:14:44。
     1>项目“d:\documents\visual studio 2013\Projects\CProject\CProject\CProject.vcxproj”在节点 2 上(Build 个目标)。
     1>ClCompile:
         C:\Program Files (x86)\Microsoft Visual Studio 12.0\VC\bin\CL.exe /c /ZI /nologo /W3 /WX- /sdl /Od /Oy- /D WIN32 /D _DEBUG /D _CONSOLE /D _LIB /D _UNICODE /D UNICODE /Gm /EHsc /RTC1 /MDd /GS /fp:precise /Zc:wchar_t /Zc:forScope /Fo"Debug\\" /Fd"Debug\vc120.pdb" /Gd /TC /analyze- /errorReport:prompt "C:\Users\Administrator\Desktop\Note\C\代码\CProject\CProject\addressPassDemo.c" "C:\Users\Administrator\Desktop\Note\C\代码\CProject\CProject\allExercise01.c" "C:\Users\Administrator\Desktop\Note\C\代码\CProject\CProject\allExercise02.c" "C:\Users\Administrator\Desktop\Note\C\代码\CProject\CProject\arithmeticDemo.c" "C:\Users\Administrator\Desktop\Note\C\代码\CProject\CProject\arithmeticExercise01.c" "C:\Users\Administrator\Desktop\Note\C\代码\CProject\CProject\arithmeticExercise02.c" "C:\Users\Administrator\Desktop\Note\C\代码\CProject\CProject\arrayDemo01.c" "C:\Users\Administrator\Desktop\Note\C\代码\CProject\CProject\arrDemo02.c" "C:\Users\Administrator\Desktop\Note\C\代码\CProject\CProject\arrDetail.c" "C:\Users\Administrator\Desktop\Note\C\代码\CProject\CProject\arrExercise.c" "C:\Users\Administrator\Desktop\Note\C\代码\CProject\CProject\assignedOperator.c" "C:\Users\Administrator\Desktop\Note\C\代码\CProject\CProject\basicToStr.c" "C:\Users\Administrator\Desktop\Note\C\代码\CProject\CProject\binarySearch.c" "C:\Users\Administrator\Desktop\Note\C\代码\CProject\CProject\boolDemo.c" "C:\Users\Administrator\Desktop\Note\C\代码\CProject\CProject\breakDemo.c" "C:\Users\Administrator\Desktop\Note\C\代码\CProject\CProject\breakExercise02.c" "C:\Users\Administrator\Desktop\Note\C\代码\CProject\CProject\bubbleSort.c" "C:\Users\Administrator\Desktop\Note\C\代码\CProject\CProject\callbackFun.c" "C:\Users\Administrator\Desktop\Note\C\代码\CProject\CProject\catDemo.c" "C:\Users\Administrator\Desktop\Note\C\代码\CProject\CProject\charArrDemo01.c" "C:\Users\Administrator\Desktop\Note\C\代码\CProject\CProject\charArrDemo02.c" "C:\Users\Administrator\Desktop\Note\C\代码\CProject\CProject\charArrDemo03.c" "C:\Users\Administrator\Desktop\Note\C\代码\CProject\CProject\charArrDemo4.c" "C:\Users\Administrator\Desktop\Note\C\代码\CProject\CProject\charArrDemo5.c" "C:\Users\Administrator\Desktop\Note\C\代码\CProject\CProject\charDemo.c" "C:\Users\Administrator\Desktop\Note\C\代码\CProject\CProject\constDemo01.c" "C:\Users\Administrator\Desktop\Note\C\代码\CProject\CProject\constDemo02.c" "C:\Users\Administrator\Desktop\Note\C\代码\CProject\CProject\constvsdefine01.c" "C:\Users\Administrator\Desktop\Note\C\代码\CProject\CProject\constvsdefine02.c" "C:\Users\Administrator\Desktop\Note\C\代码\CProject\CProject\continueDemo01.c" "C:\Users\Administrator\Desktop\Note\C\代码\CProject\CProject\customerManage.c" "C:\Users\Administrator\Desktop\Note\C\代码\CProject\CProject\debugDemo.c" "C:\Users\Administrator\Desktop\Note\C\代码\CProject\CProject\debugDemo02.c" "C:\Users\Administrator\Desktop\Note\C\代码\CProject\CProject\debugDemo04.c" "C:\Users\Administrator\Desktop\Note\C\代码\CProject\CProject\debugDemo3.c" "C:\Users\Administrator\Desktop\Note\C\代码\CProject\CProject\defineDemo.c" "C:\Users\Administrator\Desktop\Note\C\代码\CProject\CProject\doWhileDemo.c" "C:\Users\Administrator\Desktop\Note\C\代码\CProject\CProject\doWhileExercise.c" "C:\Users\Administrator\Desktop\Note\C\代码\CProject\CProject\enumDemo.c" "C:\Users\Administrator\Desktop\Note\C\代码\CProject\CProject\enumDemo02.c" "C:\Users\Administrator\Desktop\Note\C\代码\CProject\CProject\enumSwitchDemo.c" "C:\Users\Administrator\Desktop\Note\C\代码\CProject\CProject\exercise01.c" "C:\Users\Administrator\Desktop\Note\C\代码\CProject\CProject\exercise02.c" "C:\Users\Administrator\Desktop\Note\C\代码\CProject\CProject\exercise03.c" "C:\Users\Administrator\Desktop\Note\C\代码\CProject\CProject\file01.c" "C:\Users\Administrator\Desktop\Note\C\代码\CProject\CProject\file02.c" "C:\Users\Administrator\Desktop\Note\C\代码\CProject\CProject\file03.c" "C:\Users\Administrator\Desktop\Note\C\代码\CProject\CProject\file04.c" "C:\Users\Administrator\Desktop\Note\C\代码\CProject\CProject\fileDemo01.c" "C:\Users\Administrator\Desktop\Note\C\代码\CProject\CProject\fileDemo02.c" "C:\Users\Administrator\Desktop\Note\C\代码\CProject\CProject\fileDemo03.c" "C:\Users\Administrator\Desktop\Note\C\代码\CProject\CProject\fileDemo04.c" "C:\Users\Administrator\Desktop\Note\C\代码\CProject\CProject\fileDemo05.c" "C:\Users\Administrator\Desktop\Note\C\代码\CProject\CProject\floatdoubleDemo.c" "C:\Users\Administrator\Desktop\Note\C\代码\CProject\CProject\forceTypeTransfer.c" "C:\Users\Administrator\Desktop\Note\C\代码\CProject\CProject\forDemo01.c" "C:\Users\Administrator\Desktop\Note\C\代码\CProject\CProject\forExercise01.c" "C:\Users\Administrator\Desktop\Note\C\代码\CProject\CProject\funcDemo01.c" "C:\Users\Administrator\Desktop\Note\C\代码\CProject\CProject\funcExercise01.c" "C:\Users\Administrator\Desktop\Note\C\代码\CProject\CProject\funcTheory.c" "C:\Users\Administrator\Desktop\Note\C\代码\CProject\CProject\funDetailExercise.c" "C:\Users\Administrator\Desktop\Note\C\代码\CProject\CProject\funDetails.c" "C:\Users\Administrator\Desktop\Note\C\代码\CProject\CProject\funPointer.c" "C:\Users\Administrator\Desktop\Note\C\代码\CProject\CProject\funVsDefine.c" "C:\Users\Administrator\Desktop\Note\C\代码\CProject\CProject\gotoDemo.c" "C:\Users\Administrator\Desktop\Note\C\代码\CProject\CProject\hello.c" "C:\Users\Administrator\Desktop\Note\C\代码\CProject\CProject\ifDemo.c" "C:\Users\Administrator\Desktop\Note\C\代码\CProject\CProject\ifelseDemo.c" "C:\Users\Administrator\Desktop\Note\C\代码\CProject\CProject\ifelseExercise.c" "C:\Users\Administrator\Desktop\Note\C\代码\CProject\CProject\inputDemo.c" "C:\Users\Administrator\Desktop\Note\C\代码\CProject\CProject\intDemo.c" "C:\Users\Administrator\Desktop\Note\C\代码\CProject\CProject\intDetail.c" "C:\Users\Administrator\Desktop\Note\C\代码\CProject\CProject\logicOperator.c" "C:\Users\Administrator\Desktop\Note\C\代码\CProject\CProject\mallocDemo.c" "C:\Users\Administrator\Desktop\Note\C\代码\CProject\CProject\memberNotice.c" "C:\Users\Administrator\Desktop\Note\C\代码\CProject\CProject\muitlArrExercise01.c" "C:\Users\Administrator\Desktop\Note\C\代码\CProject\CProject\muitlPointerDemo.c" "C:\Users\Administrator\Desktop\Note\C\代码\CProject\CProject\mulOperator.c" "C:\Users\Administrator\Desktop\Note\C\代码\CProject\CProject\multiArrDemo01.c" "C:\Users\Administrator\Desktop\Note\C\代码\CProject\CProject\multiForExercise01.c" "C:\Users\Administrator\Desktop\Note\C\代码\CProject\CProject\multiForExercise02.c" "C:\Users\Administrator\Desktop\Note\C\代码\CProject\CProject\multiIfElse.c" "C:\Users\Administrator\Desktop\Note\C\代码\CProject\CProject\multiIfElse02.c" "C:\Users\Administrator\Desktop\Note\C\代码\CProject\CProject\multiParameterFun.c" "C:\Users\Administrator\Desktop\Note\C\代码\CProject\CProject\myAccount.c" "C:\Users\Administrator\Desktop\Note\C\代码\CProject\CProject\myAccount2.c" "C:\Users\Administrator\Desktop\Note\C\代码\CProject\CProject\myExercise.c" "C:\Users\Administrator\Desktop\Note\C\代码\CProject\CProject\myfun.c" "C:\Users\Administrator\Desktop\Note\C\代码\CProject\CProject\nestedIfElse.c" "C:\Users\Administrator\Desktop\Note\C\代码\CProject\CProject\nullPointer.c" "C:\Users\Administrator\Desktop\Note\C\代码\CProject\CProject\operatorDemo.c" "C:\Users\Administrator\Desktop\Note\C\代码\CProject\CProject\parameterDefine.c" "C:\Users\Administrator\Desktop\Note\C\代码\CProject\CProject\pointer.c" "C:\Users\Administrator\Desktop\Note\C\代码\CProject\CProject\pointerArr01.c" "C:\Users\Administrator\Desktop\Note\C\代码\CProject\CProject\pointerArrCase.c" "C:\Users\Administrator\Desktop\Note\C\代码\CProject\CProject\pointerCompare.c" "C:\Users\Administrator\Desktop\Note\C\代码\CProject\CProject\pointerCompare02.c" "C:\Users\Administrator\Desktop\Note\C\代码\CProject\CProject\pointerDemo01.c" "C:\Users\Administrator\Desktop\Note\C\代码\CProject\CProject\pointerDemo02.c" "C:\Users\Administrator\Desktop\Note\C\代码\CProject\CProject\pointerDemo03.c" "C:\Users\Administrator\Desktop\Note\C\代码\CProject\CProject\pointerExercise01.c" "C:\Users\Administrator\Desktop\Note\C\代码\CProject\CProject\pointerPassDemo01.c" "C:\Users\Administrator\Desktop\Note\C\代码\CProject\CProject\pointerPassDemo02.c" "C:\Users\Administrator\Desktop\Note\C\代码\CProject\CProject\preProcessDemo01.c" "C:\Users\Administrator\Desktop\Note\C\代码\CProject\CProject\recursionDemo01.c" "C:\Users\Administrator\Desktop\Note\C\代码\CProject\CProject\recursionExercise.c" "C:\Users\Administrator\Desktop\Note\C\代码\CProject\CProject\returnPointerExercise.c" "C:\Users\Administrator\Desktop\Note\C\代码\CProject\CProject\returnPointerFun.c" "C:\Users\Administrator\Desktop\Note\C\代码\CProject\CProject\returnPointerFunDetail.c" "C:\Users\Administrator\Desktop\Note\C\代码\CProject\CProject\searchSeq.c" "C:\Users\Administrator\Desktop\Note\C\代码\CProject\CProject\spareArray.c" "C:\Users\Administrator\Desktop\Note\C\代码\CProject\CProject\sparseArray.c" "C:\Users\Administrator\Desktop\Note\C\代码\CProject\CProject\sparseArray2.c" "C:\Users\Administrator\Desktop\Note\C\代码\CProject\CProject\stars.c" "C:\Users\Administrator\Desktop\Note\C\代码\CProject\CProject\staticDemo.c" "C:\Users\Administrator\Desktop\Note\C\代码\CProject\CProject\strFun.c" "C:\Users\Administrator\Desktop\Note\C\代码\CProject\CProject\strToBasic.c" "C:\Users\Administrator\Desktop\Note\C\代码\CProject\CProject\structExercise01.c" "C:\Users\Administrator\Desktop\Note\C\代码\CProject\CProject\structMemberDemo02.c" "C:\Users\Administrator\Desktop\Note\C\代码\CProject\CProject\stuAndTeacher.c" "C:\Users\Administrator\Desktop\Note\C\代码\CProject\CProject\studensScore.c" "C:\Users\Administrator\Desktop\Note\C\代码\CProject\CProject\switchDemo.c" "C:\Users\Administrator\Desktop\Note\C\代码\CProject\CProject\switchExercise.c" "C:\Users\Administrator\Desktop\Note\C\代码\CProject\CProject\test.c" "C:\Users\Administrator\Desktop\Note\C\代码\CProject\CProject\timeDemo01.c" "C:\Users\Administrator\Desktop\Note\C\代码\CProject\CProject\typeTransfer.c" "C:\Users\Administrator\Desktop\Note\C\代码\CProject\CProject\unionDemo01.c" "C:\Users\Administrator\Desktop\Note\C\代码\CProject\CProject\varDemo01.c" "C:\Users\Administrator\Desktop\Note\C\代码\CProject\CProject\varDetail.c" "C:\Users\Administrator\Desktop\Note\C\代码\CProject\CProject\varExercise01.c" "C:\Users\Administrator\Desktop\Note\C\代码\CProject\CProject\varExercise02.c" "C:\Users\Administrator\Desktop\Note\C\代码\CProject\CProject\varInitDemo.c" "C:\Users\Administrator\Desktop\Note\C\代码\CProject\CProject\varScope01.c" "C:\Users\Administrator\Desktop\Note\C\代码\CProject\CProject\visitorTicket.c" "C:\Users\Administrator\Desktop\Note\C\代码\CProject\CProject\whileDemo.c" "C:\Users\Administrator\Desktop\Note\C\代码\CProject\CProject\whileExercise.c"
         whileExercise.c
         whileDemo.c
         visitorTicket.c
         varScope01.c
         varInitDemo.c
         varExercise02.c
         varExercise01.c
         varDetail.c
         varDemo01.c
         unionDemo01.c
         typeTransfer.c
         timeDemo01.c
         test.c
         switchExercise.c
         switchDemo.c
         studensScore.c
         stuAndTeacher.c
         structMemberDemo02.c
         structExercise01.c
         strToBasic.c
         正在生成代码...
         正在编译...
         strFun.c
         staticDemo.c
         stars.c
         sparseArray2.c
         sparseArray.c
         spareArray.c
     1>c:\users\administrator\desktop\note\c\代码\cproject\cproject\sparearray.c(17): warning C4101: “v”: 未引用的局部变量
     1>c:\users\administrator\desktop\note\c\代码\cproject\cproject\sparearray.c(17): warning C4101: “k”: 未引用的局部变量
     1>c:\users\administrator\desktop\note\c\代码\cproject\cproject\sparearray.c(17): warning C4101: “j”: 未引用的局部变量
         searchSeq.c
         returnPointerFunDetail.c
         returnPointerFun.c
         returnPointerExercise.c
         recursionExercise.c
         recursionDemo01.c
         preProcessDemo01.c
         pointerPassDemo02.c
         pointerPassDemo01.c
         pointerExercise01.c
         pointerDemo03.c
         pointerDemo02.c
         pointerDemo01.c
         pointerCompare02.c
         正在生成代码...
         正在编译...
         pointerCompare.c
         pointerArrCase.c
         pointerArr01.c
         pointer.c
         parameterDefine.c
         operatorDemo.c
         nullPointer.c
         nestedIfElse.c
         myfun.c
     1>c:\users\administrator\desktop\note\c\代码\cproject\cproject\myfun.c(26): warning C4244: “return”: 从“double”转换到“int”，可能丢失数据
         myExercise.c
         myAccount2.c
         myAccount.c
         multiParameterFun.c
         multiIfElse02.c
         multiIfElse.c
         multiForExercise02.c
         multiForExercise01.c
         multiArrDemo01.c
         mulOperator.c
         muitlPointerDemo.c
         正在生成代码...
         正在编译...
         muitlArrExercise01.c
         memberNotice.c
         mallocDemo.c
         logicOperator.c
         intDetail.c
         intDemo.c
         inputDemo.c
         ifelseExercise.c
         ifelseDemo.c
         ifDemo.c
         hello.c
         gotoDemo.c
         funVsDefine.c
         funPointer.c
         funDetails.c
         funDetailExercise.c
         funcTheory.c
         funcExercise01.c
         funcDemo01.c
         forExercise01.c
         正在生成代码...
         正在编译...
         forDemo01.c
         forceTypeTransfer.c
         floatdoubleDemo.c
         fileDemo05.c
         fileDemo04.c
         fileDemo03.c
         fileDemo02.c
         fileDemo01.c
         file04.c
         file03.c
         file02.c
         file01.c
         exercise03.c
         exercise02.c
         exercise01.c
         enumSwitchDemo.c
         enumDemo02.c
         enumDemo.c
         doWhileExercise.c
         doWhileDemo.c
         正在生成代码...
         正在编译...
         defineDemo.c
         debugDemo3.c
         debugDemo04.c
         debugDemo02.c
         debugDemo.c
         customerManage.c
         continueDemo01.c
         constvsdefine02.c
         constvsdefine01.c
         constDemo02.c
         constDemo01.c
         charDemo.c
         charArrDemo5.c
         charArrDemo4.c
         charArrDemo03.c
         charArrDemo02.c
         charArrDemo01.c
         catDemo.c
         callbackFun.c
         bubbleSort.c
         正在生成代码...
         正在编译...
         breakExercise02.c
         breakDemo.c
         boolDemo.c
         binarySearch.c
         basicToStr.c
         assignedOperator.c
         arrExercise.c
         arrDetail.c
         arrDemo02.c
         arrayDemo01.c
         arithmeticExercise02.c
         arithmeticExercise01.c
         arithmeticDemo.c
         allExercise02.c
         allExercise01.c
         addressPassDemo.c
         正在生成代码...
         C:\Program Files (x86)\Microsoft Visual Studio 12.0\VC\bin\CL.exe /c /ZI /nologo /W3 /WX- /sdl /Od /Oy- /D WIN32 /D _DEBUG /D _CONSOLE /D _LIB /D _UNICODE /D UNICODE /Gm /EHsc /RTC1 /MDd /GS /fp:precise /Zc:wchar_t /Zc:forScope /Fo"Debug\\" /Fd"Debug\vc120.pdb" /Gd /TP /analyze- /errorReport:prompt "C:\Users\Administrator\Desktop\Note\C\代码\CProject\CProject\breakExercise01.cpp" "C:\Users\Administrator\Desktop\Note\C\代码\CProject\CProject\continueExercise.cpp" "C:\Users\Administrator\Desktop\Note\C\代码\CProject\CProject\defineDemo.cpp" "C:\Users\Administrator\Desktop\Note\C\代码\CProject\CProject\exercise.cpp" "C:\Users\Administrator\Desktop\Note\C\代码\CProject\CProject\map.cpp"
         map.cpp
         exercise.cpp
         defineDemo.cpp
         continueExercise.cpp
         breakExercise01.cpp
         正在生成代码...
       Link:
         C:\Program Files (x86)\Microsoft Visual Studio 12.0\VC\bin\link.exe /ERRORREPORT:PROMPT /OUT:"d:\documents\visual studio 2013\Projects\CProject\Debug\CProject.exe" /INCREMENTAL /NOLOGO kernel32.lib user32.lib gdi32.lib winspool.lib comdlg32.lib advapi32.lib shell32.lib ole32.lib oleaut32.lib uuid.lib odbc32.lib odbccp32.lib /MANIFEST /MANIFESTUAC:"level='asInvoker' uiAccess='false'" /manifest:embed /DEBUG /PDB:"d:\documents\visual studio 2013\Projects\CProject\Debug\CProject.pdb" /SUBSYSTEM:CONSOLE /TLBID:1 /DYNAMICBASE /NXCOMPAT /IMPLIB:"d:\documents\visual studio 2013\Projects\CProject\Debug\CProject.lib" /MACHINE:X86 Debug\addressPassDemo.obj
         Debug\allExercise01.obj
         Debug\allExercise02.obj
         Debug\arithmeticDemo.obj
         Debug\arithmeticExercise01.obj
         Debug\arithmeticExercise02.obj
         Debug\arrayDemo01.obj
         Debug\arrDemo02.obj
         Debug\arrDetail.obj
         Debug\arrExercise.obj
         Debug\assignedOperator.obj
         Debug\basicToStr.obj
         Debug\binarySearch.obj
         Debug\boolDemo.obj
         Debug\breakDemo.obj
         Debug\breakExercise01.obj
         Debug\breakExercise02.obj
         Debug\bubbleSort.obj
         Debug\callbackFun.obj
         Debug\catDemo.obj
         Debug\charArrDemo01.obj
         Debug\charArrDemo02.obj
         Debug\charArrDemo03.obj
         Debug\charArrDemo4.obj
         Debug\charArrDemo5.obj
         Debug\charDemo.obj
         Debug\constDemo01.obj
         Debug\constDemo02.obj
         Debug\constvsdefine01.obj
         Debug\constvsdefine02.obj
         Debug\continueDemo01.obj
         Debug\continueExercise.obj
         Debug\customerManage.obj
         Debug\debugDemo.obj
         Debug\debugDemo02.obj
         Debug\debugDemo04.obj
         Debug\debugDemo3.obj
         Debug\defineDemo.obj
         Debug\defineDemo.obj
         Debug\doWhileDemo.obj
         Debug\doWhileExercise.obj
         Debug\enumDemo.obj
         Debug\enumDemo02.obj
         Debug\enumSwitchDemo.obj
         Debug\exercise.obj
         Debug\exercise01.obj
         Debug\exercise02.obj
         Debug\exercise03.obj
         Debug\file01.obj
         Debug\file02.obj
         Debug\file03.obj
         Debug\file04.obj
         Debug\fileDemo01.obj
         Debug\fileDemo02.obj
         Debug\fileDemo03.obj
         Debug\fileDemo04.obj
         Debug\fileDemo05.obj
         Debug\floatdoubleDemo.obj
         Debug\forceTypeTransfer.obj
         Debug\forDemo01.obj
         Debug\forExercise01.obj
         Debug\funcDemo01.obj
         Debug\funcExercise01.obj
         Debug\funcTheory.obj
         Debug\funDetailExercise.obj
         Debug\funDetails.obj
         Debug\funPointer.obj
         Debug\funVsDefine.obj
         Debug\gotoDemo.obj
         Debug\hello.obj
         Debug\ifDemo.obj
         Debug\ifelseDemo.obj
         Debug\ifelseExercise.obj
         Debug\inputDemo.obj
         Debug\intDemo.obj
         Debug\intDetail.obj
         Debug\logicOperator.obj
         Debug\mallocDemo.obj
         Debug\map.obj
         Debug\memberNotice.obj
         Debug\muitlArrExercise01.obj
         Debug\muitlPointerDemo.obj
         Debug\mulOperator.obj
         Debug\multiArrDemo01.obj
         Debug\multiForExercise01.obj
         Debug\multiForExercise02.obj
         Debug\multiIfElse.obj
         Debug\multiIfElse02.obj
         Debug\multiParameterFun.obj
         Debug\myAccount.obj
         Debug\myAccount2.obj
         Debug\myExercise.obj
         Debug\myfun.obj
         Debug\nestedIfElse.obj
         Debug\nullPointer.obj
         Debug\operatorDemo.obj
         Debug\parameterDefine.obj
         Debug\pointer.obj
         Debug\pointerArr01.obj
         Debug\pointerArrCase.obj
         Debug\pointerCompare.obj
         Debug\pointerCompare02.obj
         Debug\pointerDemo01.obj
         Debug\pointerDemo02.obj
         Debug\pointerDemo03.obj
         Debug\pointerExercise01.obj
         Debug\pointerPassDemo01.obj
         Debug\pointerPassDemo02.obj
         Debug\preProcessDemo01.obj
         Debug\recursionDemo01.obj
         Debug\recursionExercise.obj
         Debug\returnPointerExercise.obj
         Debug\returnPointerFun.obj
         Debug\returnPointerFunDetail.obj
         Debug\searchSeq.obj
         Debug\spareArray.obj
         Debug\sparseArray.obj
         Debug\sparseArray2.obj
         Debug\stars.obj
         Debug\staticDemo.obj
         Debug\strFun.obj
         Debug\strToBasic.obj
         Debug\structExercise01.obj
         Debug\structMemberDemo02.obj
         Debug\stuAndTeacher.obj
         Debug\studensScore.obj
         Debug\switchDemo.obj
         Debug\switchExercise.obj
         Debug\test.obj
         Debug\timeDemo01.obj
         Debug\typeTransfer.obj
         Debug\unionDemo01.obj
         Debug\varDemo01.obj
         Debug\varDetail.obj
         Debug\varExercise01.obj
         Debug\varExercise02.obj
         Debug\varInitDemo.obj
         Debug\varScope01.obj
         Debug\visitorTicket.obj
         Debug\whileDemo.obj
         Debug\whileExercise.obj
     1>Debug\defineDemo.obj : warning LNK4042: 对象被多次指定；已忽略多余的指定
     1>intDetail.obj : error LNK2005: _main 已经在 exercise.obj 中定义
     1>spareArray.obj : error LNK2005: _main 已经在 exercise.obj 中定义
     1>d:\documents\visual studio 2013\Projects\CProject\Debug\CProject.exe : fatal error LNK1169: 找到一个或多个多重定义的符号
     1>已完成生成项目“d:\documents\visual studio 2013\Projects\CProject\CProject\CProject.vcxproj”(Build 个目标)的操作 - 失败。

生成失败。

已用时间 00:00:02.45
